<?xml version="1.0" encoding="UTF-8"?>
<!-- Generated by org.testng.reporters.JUnitReportReporter -->
<testsuite skipped="0" hostname="DESKTOP-5OKSROL" name="TestLeaf.TestLeaf" tests="2" failures="0" timestamp="2022-03-31T17:49:57 IST" time="51.242" errors="0">
  <testcase name="runLogin" time="22.922" classname="TestLeaf.TestLeaf"/>
  <system-out/>
  <testcase name="runLogin" time="28.320" classname="TestLeaf.TestLeaf"/>
  <system-out/>
</testsuite> <!-- TestLeaf.TestLeaf -->
