<?xml version="1.0" encoding="UTF-8"?>
<!-- Generated by org.testng.reporters.JUnitReportReporter -->
<testsuite skipped="1" hostname="DESKTOP-5OKSROL" name="TestLeaf.TestLeaf2" tests="1" failures="0" timestamp="2022-03-31T17:49:57 IST" time="0.000" errors="0">
  <testcase name="runLogin" time="0.000" classname="TestLeaf.TestLeaf2">
    <skipped/>
  </testcase> <!-- runLogin -->
  <system-out/>
</testsuite> <!-- TestLeaf.TestLeaf2 -->
