<?xml version="1.0" encoding="UTF-8"?>
<!-- Generated by org.testng.reporters.JUnitReportReporter -->
<testsuite skipped="0" hostname="DESKTOP-5OKSROL" name="ReadData.Data" tests="2" failures="0" timestamp="2022-03-30T15:11:04 IST" time="76.990" errors="0">
  <testcase name="loginPage" time="5.556" classname="ReadData.Data"/>
  <system-out/>
  <testcase name="loginPage" time="71.434" classname="ReadData.Data"/>
  <system-out/>
</testsuite> <!-- ReadData.Data -->
